<?xml version="1.0" encoding="UTF-8"?>
<coverage generated="1656491285550" clover="3.2.0">
  <project timestamp="1656491285550" name="All files">
    <metrics statements="8" coveredstatements="4" conditionals="0" coveredconditionals="0" methods="1" coveredmethods="0" elements="9" coveredelements="4" complexity="0" loc="8" ncloc="8" packages="1" files="1" classes="1"/>
    <file name="mock-functions.js" path="/home/danigab/Desktop/Testing/jest/foundamentals/mock-functions/mock-functions.js">
      <metrics statements="8" coveredstatements="4" conditionals="0" coveredconditionals="0" methods="1" coveredmethods="0"/>
      <line num="1" count="1" type="stmt"/>
      <line num="2" count="0" type="stmt"/>
      <line num="3" count="0" type="stmt"/>
      <line num="4" count="0" type="stmt"/>
      <line num="5" count="0" type="stmt"/>
      <line num="6" count="1" type="stmt"/>
      <line num="7" count="1" type="stmt"/>
      <line num="8" count="1" type="stmt"/>
    </file>
  </project>
</coverage>
