<?xml version="1.0" encoding="UTF-8"?>
<coverage generated="1656501643307" clover="3.2.0">
  <project timestamp="1656501643308" name="All files">
    <metrics statements="22" coveredstatements="18" conditionals="3" coveredconditionals="3" methods="4" coveredmethods="2" elements="29" coveredelements="23" complexity="0" loc="22" ncloc="22" packages="1" files="3" classes="3"/>
    <file name="mock-functions.js" path="/home/danigab/Desktop/Testing/jest/foundamentals/mock-functions/mock-functions.js">
      <metrics statements="8" coveredstatements="4" conditionals="0" coveredconditionals="0" methods="1" coveredmethods="0"/>
      <line num="1" count="1" type="stmt"/>
      <line num="2" count="0" type="stmt"/>
      <line num="3" count="0" type="stmt"/>
      <line num="4" count="0" type="stmt"/>
      <line num="5" count="0" type="stmt"/>
      <line num="6" count="1" type="stmt"/>
      <line num="7" count="1" type="stmt"/>
      <line num="8" count="1" type="stmt"/>
    </file>
    <file name="mocking-partial.js" path="/home/danigab/Desktop/Testing/jest/foundamentals/mock-functions/mocking-partial.js">
      <metrics statements="5" coveredstatements="5" conditionals="1" coveredconditionals="1" methods="2" coveredmethods="1"/>
      <line num="1" count="1" type="stmt"/>
      <line num="2" count="1" type="cond" truecount="1" falsecount="0"/>
      <line num="3" count="1" type="stmt"/>
      <line num="4" count="1" type="stmt"/>
      <line num="5" count="1" type="stmt"/>
    </file>
    <file name="users.js" path="/home/danigab/Desktop/Testing/jest/foundamentals/mock-functions/users.js">
      <metrics statements="9" coveredstatements="9" conditionals="2" coveredconditionals="2" methods="1" coveredmethods="1"/>
      <line num="1" count="1" type="stmt"/>
      <line num="2" count="1" type="stmt"/>
      <line num="3" count="1" type="stmt"/>
      <line num="4" count="1" type="cond" truecount="1" falsecount="0"/>
      <line num="5" count="1" type="cond" truecount="1" falsecount="0"/>
      <line num="6" count="1" type="stmt"/>
      <line num="7" count="1" type="stmt"/>
      <line num="8" count="1" type="stmt"/>
      <line num="9" count="1" type="stmt"/>
    </file>
  </project>
</coverage>
