{"/home/danigab/Desktop/Testing/jest/foundamentals/mock-functions/mock-functions.js": {"path":"/home/danigab/Desktop/Testing/jest/foundamentals/mock-functions/mock-functions.js","all":false,"statementMap":{"0":{"start":{"line":1,"column":0},"end":{"line":1,"column":38}},"1":{"start":{"line":2,"column":0},"end":{"line":2,"column":54}},"2":{"start":{"line":3,"column":0},"end":{"line":3,"column":27}},"3":{"start":{"line":4,"column":0},"end":{"line":4,"column":3}},"4":{"start":{"line":5,"column":0},"end":{"line":5,"column":1}},"5":{"start":{"line":6,"column":0},"end":{"line":6,"column":0}},"6":{"start":{"line":7,"column":0},"end":{"line":7,"column":0}},"7":{"start":{"line":8,"column":0},"end":{"line":8,"column":28}}},"s":{"0":1,"1":0,"2":0,"3":0,"4":0,"5":1,"6":1,"7":1},"branchMap":{},"b":{},"fnMap":{"0":{"name":"forEach","decl":{"start":{"line":1,"column":16},"end":{"line":5,"column":1}},"loc":{"start":{"line":1,"column":16},"end":{"line":5,"column":1}},"line":1}},"f":{"0":0}}
}
