{"/home/danigab/Desktop/Testing/jest/foundamentals/mock-functions/mock-functions.js": {"path":"/home/danigab/Desktop/Testing/jest/foundamentals/mock-functions/mock-functions.js","all":false,"statementMap":{"0":{"start":{"line":1,"column":0},"end":{"line":1,"column":38}},"1":{"start":{"line":2,"column":0},"end":{"line":2,"column":54}},"2":{"start":{"line":3,"column":0},"end":{"line":3,"column":27}},"3":{"start":{"line":4,"column":0},"end":{"line":4,"column":3}},"4":{"start":{"line":5,"column":0},"end":{"line":5,"column":1}},"5":{"start":{"line":6,"column":0},"end":{"line":6,"column":0}},"6":{"start":{"line":7,"column":0},"end":{"line":7,"column":0}},"7":{"start":{"line":8,"column":0},"end":{"line":8,"column":28}}},"s":{"0":1,"1":0,"2":0,"3":0,"4":0,"5":1,"6":1,"7":1},"branchMap":{},"b":{},"fnMap":{"0":{"name":"forEach","decl":{"start":{"line":1,"column":16},"end":{"line":5,"column":1}},"loc":{"start":{"line":1,"column":16},"end":{"line":5,"column":1}},"line":1}},"f":{"0":0}}
,"/home/danigab/Desktop/Testing/jest/foundamentals/mock-functions/mocking-partial.js": {"path":"/home/danigab/Desktop/Testing/jest/foundamentals/mock-functions/mocking-partial.js","all":false,"statementMap":{"0":{"start":{"line":1,"column":0},"end":{"line":1,"column":19}},"1":{"start":{"line":2,"column":0},"end":{"line":2,"column":25}},"2":{"start":{"line":3,"column":0},"end":{"line":3,"column":35}},"3":{"start":{"line":4,"column":0},"end":{"line":4,"column":0}},"4":{"start":{"line":5,"column":0},"end":{"line":5,"column":44}}},"s":{"0":1,"1":1,"2":1,"3":1,"4":1},"branchMap":{"0":{"type":"branch","line":2,"loc":{"start":{"line":2,"column":13},"end":{"line":2,"column":25}},"locations":[{"start":{"line":2,"column":13},"end":{"line":2,"column":25}}]}},"b":{"0":[1]},"fnMap":{"0":{"name":"bar","decl":{"start":{"line":2,"column":13},"end":{"line":2,"column":25}},"loc":{"start":{"line":2,"column":13},"end":{"line":2,"column":25}},"line":2},"1":{"name":"defaultExport","decl":{"start":{"line":3,"column":23},"end":{"line":3,"column":35}},"loc":{"start":{"line":3,"column":23},"end":{"line":3,"column":35}},"line":3}},"f":{"0":1,"1":0}}
,"/home/danigab/Desktop/Testing/jest/foundamentals/mock-functions/users.js": {"path":"/home/danigab/Desktop/Testing/jest/foundamentals/mock-functions/users.js","all":false,"statementMap":{"0":{"start":{"line":1,"column":0},"end":{"line":1,"column":31}},"1":{"start":{"line":2,"column":0},"end":{"line":2,"column":0}},"2":{"start":{"line":3,"column":0},"end":{"line":3,"column":13}},"3":{"start":{"line":4,"column":0},"end":{"line":4,"column":16}},"4":{"start":{"line":5,"column":0},"end":{"line":5,"column":60}},"5":{"start":{"line":6,"column":0},"end":{"line":6,"column":3}},"6":{"start":{"line":7,"column":0},"end":{"line":7,"column":1}},"7":{"start":{"line":8,"column":0},"end":{"line":8,"column":0}},"8":{"start":{"line":9,"column":0},"end":{"line":9,"column":27}}},"s":{"0":1,"1":1,"2":1,"3":1,"4":1,"5":1,"6":1,"7":1,"8":1},"branchMap":{"0":{"type":"branch","line":4,"loc":{"start":{"line":4,"column":9},"end":{"line":6,"column":3}},"locations":[{"start":{"line":4,"column":9},"end":{"line":6,"column":3}}]},"1":{"type":"branch","line":5,"loc":{"start":{"line":5,"column":41},"end":{"line":5,"column":60}},"locations":[{"start":{"line":5,"column":41},"end":{"line":5,"column":60}}]}},"b":{"0":[1],"1":[1]},"fnMap":{"0":{"name":"all","decl":{"start":{"line":4,"column":9},"end":{"line":6,"column":3}},"loc":{"start":{"line":4,"column":9},"end":{"line":6,"column":3}},"line":4}},"f":{"0":1}}
}
