TN:
SF:mock-functions/mock-functions.js
FN:1,forEach
FNF:1
FNH:0
FNDA:0,forEach
DA:1,1
DA:2,0
DA:3,0
DA:4,0
DA:5,0
DA:6,1
DA:7,1
DA:8,1
LF:8
LH:4
BRF:0
BRH:0
end_of_record
TN:
SF:mock-functions/mocking-partial.js
FN:2,bar
FN:3,defaultExport
FNF:2
FNH:1
FNDA:1,bar
FNDA:0,defaultExport
DA:1,1
DA:2,1
DA:3,1
DA:4,1
DA:5,1
LF:5
LH:5
BRDA:2,0,0,1
BRF:1
BRH:1
end_of_record
TN:
SF:mock-functions/users.js
FN:4,all
FNF:1
FNH:1
FNDA:1,all
DA:1,1
DA:2,1
DA:3,1
DA:4,1
DA:5,1
DA:6,1
DA:7,1
DA:8,1
DA:9,1
LF:9
LH:9
BRDA:4,0,0,1
BRDA:5,1,0,1
BRF:2
BRH:2
end_of_record
